┌ Info: [ 2023-09-03T14:53:27.314 ] Start!
└ @ Main /home/felipe/projetos/HCPlanning.jl/main_mult.jl:40
┌ Info: [ 2023-09-03T14:54:04.157 ] Small Solved!
└ @ Main /home/felipe/projetos/HCPlanning.jl/main_mult.jl:40
┌ Info: [ 2023-09-03T14:54:04.157 ] Starting the Pareto!
└ @ Main /home/felipe/projetos/HCPlanning.jl/main_mult.jl:40
┌ Info: [ 2023-09-03T15:13:10.337 ] Pareto | HC: 1.5299974699999386
└ @ Main /home/felipe/projetos/HCPlanning.jl/main_mult.jl:40
┌ Info: [ 2023-09-03T15:13:10.343 ] Pareto | CTPV: 2.516190465000136e8
└ @ Main /home/felipe/projetos/HCPlanning.jl/main_mult.jl:40
┌ Info: [ 2023-09-03T15:56:24.049 ] Pareto | HC: 1.3979976020000002
└ @ Main /home/felipe/projetos/HCPlanning.jl/main_mult.jl:40
┌ Info: [ 2023-09-03T15:56:24.051 ] Pareto | CTPV: 2.5153823200974765e8
└ @ Main /home/felipe/projetos/HCPlanning.jl/main_mult.jl:40
┌ Info: [ 2023-09-03T16:53:37.964 ] Pareto | HC: 1.2059977940000044
└ @ Main /home/felipe/projetos/HCPlanning.jl/main_mult.jl:40
┌ Info: [ 2023-09-03T16:53:37.966 ] Pareto | CTPV: 2.5145770076963773e8
└ @ Main /home/felipe/projetos/HCPlanning.jl/main_mult.jl:40
┌ Info: [ 2023-09-03T18:03:47.412 ] Pareto | HC: 0.714998285
└ @ Main /home/felipe/projetos/HCPlanning.jl/main_mult.jl:40
┌ Info: [ 2023-09-03T18:03:47.415 ] Pareto | CTPV: 2.513381631151931e8
└ @ Main /home/felipe/projetos/HCPlanning.jl/main_mult.jl:40
┌ Info: [ 2023-09-03T18:36:01.023 ] Pareto | HC: 0.6599983400000001
└ @ Main /home/felipe/projetos/HCPlanning.jl/main_mult.jl:40
┌ Info: [ 2023-09-03T18:36:01.026 ] Pareto | CTPV: 2.5063116644689727e8
└ @ Main /home/felipe/projetos/HCPlanning.jl/main_mult.jl:40
┌ Info: [ 2023-09-03T18:47:41.098 ] Pareto | HC: 0.5199984799999998
└ @ Main /home/felipe/projetos/HCPlanning.jl/main_mult.jl:40
┌ Info: [ 2023-09-03T18:47:41.101 ] Pareto | CTPV: 2.5061507967874074e8
└ @ Main /home/felipe/projetos/HCPlanning.jl/main_mult.jl:40
┌ Info: [ 2023-09-03T19:07:59.681 ] Pareto | HC: 0.2799987199999987
└ @ Main /home/felipe/projetos/HCPlanning.jl/main_mult.jl:40
┌ Info: [ 2023-09-03T19:07:59.684 ] Pareto | CTPV: 2.503661235756745e8
└ @ Main /home/felipe/projetos/HCPlanning.jl/main_mult.jl:40
┌ Info: [ 2023-09-03T19:24:37.994 ] Pareto | HC: 0.2649987349999988
└ @ Main /home/felipe/projetos/HCPlanning.jl/main_mult.jl:40
┌ Info: [ 2023-09-03T19:24:37.996 ] Pareto | CTPV: 2.503095547852142e8
└ @ Main /home/felipe/projetos/HCPlanning.jl/main_mult.jl:40
┌ Info: [ 2023-09-03T19:44:26.144 ] Pareto | HC: 0.11999887999999966
└ @ Main /home/felipe/projetos/HCPlanning.jl/main_mult.jl:40
┌ Info: [ 2023-09-03T19:44:26.147 ] Pareto | CTPV: 2.5029867273477796e8
└ @ Main /home/felipe/projetos/HCPlanning.jl/main_mult.jl:40
