┌ Info: [ 2023-09-04T09:22:24.846 ] Start!
└ @ Main /home/felipe/projetos/HCPlanning.jl/main_mult.jl:45
┌ Info: [ 2023-09-04T09:23:02.325 ] Small Solved!
└ @ Main /home/felipe/projetos/HCPlanning.jl/main_mult.jl:45
┌ Info: [ 2023-09-04T09:23:02.325 ] Starting the Pareto!
└ @ Main /home/felipe/projetos/HCPlanning.jl/main_mult.jl:45
┌ Info: [ 2023-09-04T09:23:22.531 ] Pareto | HC: 0.07805466666666666
└ @ Main /home/felipe/projetos/HCPlanning.jl/main_mult.jl:45
┌ Info: [ 2023-09-04T09:23:22.557 ] Pareto | CTPV: 1.1893771120117669e8
└ @ Main /home/felipe/projetos/HCPlanning.jl/main_mult.jl:45
┌ Info: [ 2023-09-04T09:26:26.623 ] Pareto | HC: 0.07758799999999999
└ @ Main /home/felipe/projetos/HCPlanning.jl/main_mult.jl:45
┌ Info: [ 2023-09-04T09:26:26.626 ] Pareto | CTPV: 1.1884208882876809e8
└ @ Main /home/felipe/projetos/HCPlanning.jl/main_mult.jl:45
┌ Info: [ 2023-09-04T09:29:18.699 ] Pareto | HC: 0.070203
└ @ Main /home/felipe/projetos/HCPlanning.jl/main_mult.jl:45
┌ Info: [ 2023-09-04T09:29:18.702 ] Pareto | CTPV: 1.1871648720290196e8
└ @ Main /home/felipe/projetos/HCPlanning.jl/main_mult.jl:45
┌ Info: [ 2023-09-04T09:36:06.047 ] Pareto | HC: 0.06898499999999999
└ @ Main /home/felipe/projetos/HCPlanning.jl/main_mult.jl:45
┌ Info: [ 2023-09-04T09:36:06.050 ] Pareto | CTPV: 1.1854838801427013e8
└ @ Main /home/felipe/projetos/HCPlanning.jl/main_mult.jl:45
┌ Info: [ 2023-09-04T09:53:10.996 ] Pareto | HC: 0.068698
└ @ Main /home/felipe/projetos/HCPlanning.jl/main_mult.jl:45
┌ Info: [ 2023-09-04T09:53:10.999 ] Pareto | CTPV: 1.1797252949817707e8
└ @ Main /home/felipe/projetos/HCPlanning.jl/main_mult.jl:45
┌ Info: [ 2023-09-04T10:00:31.296 ] Pareto | HC: 0.06437899999999999
└ @ Main /home/felipe/projetos/HCPlanning.jl/main_mult.jl:45
┌ Info: [ 2023-09-04T10:00:31.299 ] Pareto | CTPV: 1.1761290876779671e8
└ @ Main /home/felipe/projetos/HCPlanning.jl/main_mult.jl:45
┌ Info: [ 2023-09-04T10:14:26.147 ] Pareto | HC: 0.0501655
└ @ Main /home/felipe/projetos/HCPlanning.jl/main_mult.jl:45
┌ Info: [ 2023-09-04T10:14:26.149 ] Pareto | CTPV: 1.1733456610640568e8
└ @ Main /home/felipe/projetos/HCPlanning.jl/main_mult.jl:45
┌ Info: [ 2023-09-04T10:25:50.032 ] Pareto | HC: 0.045086999999999995
└ @ Main /home/felipe/projetos/HCPlanning.jl/main_mult.jl:45
┌ Info: [ 2023-09-04T10:25:50.035 ] Pareto | CTPV: 1.1723118391897093e8
└ @ Main /home/felipe/projetos/HCPlanning.jl/main_mult.jl:45
┌ Info: [ 2023-09-04T10:43:39.782 ] Pareto | HC: 0.03631730476190478
└ @ Main /home/felipe/projetos/HCPlanning.jl/main_mult.jl:45
┌ Info: [ 2023-09-04T10:43:39.785 ] Pareto | CTPV: 1.1721937916418616e8
└ @ Main /home/felipe/projetos/HCPlanning.jl/main_mult.jl:45
┌ Info: [ 2023-09-04T11:08:11.201 ] Pareto | HC: 0.017814999999999998
└ @ Main /home/felipe/projetos/HCPlanning.jl/main_mult.jl:45
┌ Info: [ 2023-09-04T11:08:11.204 ] Pareto | CTPV: 1.1707196467542492e8
└ @ Main /home/felipe/projetos/HCPlanning.jl/main_mult.jl:45
