ci_cost = 6.708400776498896e6
ctpv_cost = 2.695420534336123e8
hc_cost = 26.82500000071841
----
hc_hc = 46.10400000000004
ci_hc = 6.760277264553186e6
ctpv_hc = 2.8357352261141044e8
----
hc_hc = 45.27400000000022
ci_hc = 7.219637167315233e6
ctpv_hc = 2.8355046833716327e8
----
hc_hc = 44.693
ci_hc = 7.219637167315233e6
ctpv_hc = 2.8354921273442316e8
----
hc_hc = 44.27400000000054
ci_hc = 6.69400397432924e6
ctpv_hc = 2.8330372232244074e8
----
hc_hc = 44.10400000000013
ci_hc = 6.977475420475371e6
ctpv_hc = 2.8137998389401895e8
----
hc_hc = 44.103999999999985
ci_hc = 6.9718776151163615e6
ctpv_hc = 2.8137895580194443e8
----
hc_hc = 43.274000000001564
ci_hc = 6.9314401969040455e6
ctpv_hc = 2.8129845159711367e8
----
hc_hc = 42.69300110019948
ci_hc = 6.9314401969040455e6
ctpv_hc = 2.812971959943742e8
----
hc_hc = 41.73000000000151
ci_hc = 6.92398605247404e6
ctpv_hc = 2.8127621444966674e8
----
hc_hc = 41.60399999999981
ci_hc = 7.9054020106954705e6
ctpv_hc = 2.7775760825664943e8
----
hc_hc = 41.60399999999985
ci_hc = 7.906395698080533e6
ctpv_hc = 2.777382307302392e8
----
hc_hc = 41.34900000000003
ci_hc = 6.870190530128231e6
ctpv_hc = 2.768334233507735e8
----
hc_hc = 41.34900000000001
ci_hc = 6.877510660775037e6
ctpv_hc = 2.768263167529155e8
----
hc_hc = 39.61500024633025
ci_hc = 6.861915427189288e6
ctpv_hc = 2.764920228732034e8
----
hc_hc = 39.03400057082758
ci_hc = 6.861915427189288e6
ctpv_hc = 2.764907672704632e8
----
hc_hc = 38.47600000000026
ci_hc = 6.854461282759282e6
ctpv_hc = 2.7645346679843104e8
----
hc_hc = 36.61500023062216
ci_hc = 6.608564354725819e6
ctpv_hc = 2.762460131064036e8
----
hc_hc = 36.349000000000046
ci_hc = 7.838481514920788e6
ctpv_hc = 2.7536471706160367e8
----
hc_hc = 36.349000246330334
ci_hc = 7.834506765380537e6
ctpv_hc = 2.7536360571711534e8
----
hc_hc = 35.85300087067671
ci_hc = 7.793265264469019e6
ctpv_hc = 2.7516240469235104e8
----
hc_hc = 35.853000000000435
ci_hc = 7.836987509411777e6
ctpv_hc = 2.751352011588127e8
----
hc_hc = 35.691001821968044
ci_hc = 7.838974884181903e6
ctpv_hc = 2.7511698862130314e8
----
hc_hc = 35.61499999999997
ci_hc = 7.329898900113984e6
ctpv_hc = 2.748764943471145e8
----
hc_hc = 34.852999999999994
ci_hc = 7.329398581990036e6
ctpv_hc = 2.7480368104438305e8
----
hc_hc = 34.825000000000415
ci_hc = 7.330396240153861e6
ctpv_hc = 2.747914833841876e8
----
hc_hc = 34.61500000000004
ci_hc = 6.812630152589069e6
ctpv_hc = 2.7436163215846974e8
----
hc_hc = 34.03400000000019
ci_hc = 6.804265707127992e6
ctpv_hc = 2.7436034784141576e8
----
hc_hc = 33.484000000000336
ci_hc = 7.301815605718624e6
ctpv_hc = 2.741664950178113e8
----
hc_hc = 33.07100085058058
ci_hc = 6.805997005063274e6
ctpv_hc = 2.740075280757759e8
----
hc_hc = 32.536002238643405
ci_hc = 6.805997005063274e6
ctpv_hc = 2.7397229688974756e8
----
hc_hc = 32.484
ci_hc = 6.788106661353384e6
ctpv_hc = 2.7373029520315695e8
----
hc_hc = 31.730000000000224
ci_hc = 6.797047862429568e6
ctpv_hc = 2.736012267322385e8
----
hc_hc = 30.587750181818244
ci_hc = 1.0612157194767267e7
ctpv_hc = 2.7329877409509426e8
----
hc_hc = 30.58775018181777
ci_hc = 1.0611163507382203e7
ctpv_hc = 2.732926570584487e8
----
hc_hc = 30.332750181818515
ci_hc = 9.506461420765152e6
ctpv_hc = 2.722184560388425e8
----
hc_hc = 30.079999999971477
ci_hc = 8.841356546598367e6
ctpv_hc = 2.716447016238393e8
----
hc_hc = 29.82500024319976
ci_hc = 7.736654459981316e6
ctpv_hc = 2.705584680387012e8
----
hc_hc = 29.114000404223628
ci_hc = 7.736654459981316e6
ctpv_hc = 2.705427048369673e8
----
hc_hc = 28.82500000000225
ci_hc = 7.232046594714764e6
ctpv_hc = 2.7007534158652294e8
----
hc_hc = 27.825000240550693
ci_hc = 6.706413401728771e6
ctpv_hc = 2.6954429436142665e8
----
hc_hc = 26.824999999999992
ci_hc = 6.708400776498896e6
ctpv_hc = 2.6954205343361163e8