ci_cost = 6.708400776498896e6
ctpv_cost = 2.6954205343361217e8
hc_cost = 54.93000000000011
----
hc_hc = 123.05692836363677
ci_hc = 1.9521598254436716e7
ctpv_hc = 2.9516455068203324e8
----
hc_hc = 122.54917818182412
ci_hc = 1.7626134999437228e7
ctpv_hc = 2.93285873855534e8
----
hc_hc = 121.94550036363665
ci_hc = 1.717014294818995e7
ctpv_hc = 2.9291633414969593e8
----
hc_hc = 121.43775018181866
ci_hc = 1.5274679693190463e7
ctpv_hc = 2.910376573231996e8
----
hc_hc = 120.93000017280387
ci_hc = 1.337921643819098e7
ctpv_hc = 2.8920072220187366e8
----
hc_hc = 119.93000005192887
ci_hc = 1.337921643819098e7
ctpv_hc = 2.891797137985121e8
----
hc_hc = 118.93000034707008
ci_hc = 1.2853583245204989e7
ctpv_hc = 2.8863446491611314e8
----
hc_hc = 118.04917851389993
ci_hc = 1.7620177395983923e7
ctpv_hc = 2.8696931386853564e8
----
hc_hc = 117.4455024429304
ci_hc = 1.716418405469565e7
ctpv_hc = 2.8664192570601946e8
----
hc_hc = 116.93775042288453
ci_hc = 1.5268722089737156e7
ctpv_hc = 2.848010108326462e8
----
hc_hc = 116.43000000000099
ci_hc = 1.3373258834737675e7
ctpv_hc = 2.829610715528649e8
----
hc_hc = 115.4300000000003
ci_hc = 1.3373258834737675e7
ctpv_hc = 2.8294006314950347e8
----
hc_hc = 114.43000067988058
ci_hc = 1.2868650969471123e7
ctpv_hc = 2.824174645585349e8
----
hc_hc = 113.43000004165145
ci_hc = 1.2868650969471123e7
ctpv_hc = 2.823964561551736e8
----
hc_hc = 112.4300010630221
ci_hc = 1.234301777648513e7
ctpv_hc = 2.8185120727277476e8
----
hc_hc = 111.43000000000042
ci_hc = 1.234301777648513e7
ctpv_hc = 2.818301988694133e8
----
hc_hc = 110.43
ci_hc = 1.183840991121858e7
ctpv_hc = 2.8130760027844465e8
----
hc_hc = 109.43
ci_hc = 1.183840991121858e7
ctpv_hc = 2.812865913101871e8
----
hc_hc = 108.43000000000004
ci_hc = 1.1312776718232587e7
ctpv_hc = 2.807413429926843e8
----
hc_hc = 107.43
ci_hc = 1.1312776718232587e7
ctpv_hc = 2.807203345893229e8
----
hc_hc = 106.43000000000004
ci_hc = 1.0808168852966033e7
ctpv_hc = 2.80201035542371e8
----
hc_hc = 105.43
ci_hc = 1.0808168852966033e7
ctpv_hc = 2.801800271390096e8
----
hc_hc = 104.43
ci_hc = 1.028253565998004e7
ctpv_hc = 2.7963477825661063e8
----
hc_hc = 103.43000000000002
ci_hc = 1.028253565998004e7
ctpv_hc = 2.7961376985324925e8
----
hc_hc = 102.43000000000004
ci_hc = 9.777927794713488e6
ctpv_hc = 2.790974142635259e8
----
hc_hc = 101.43775018181829
ci_hc = 1.4444682001936747e7
ctpv_hc = 2.77529299336694e8
----
hc_hc = 100.93000086723299
ci_hc = 1.254922023686701e7
ctpv_hc = 2.756891898008474e8
----
hc_hc = 99.93000000000042
ci_hc = 1.2551206121707385e7
ctpv_hc = 2.7566814832069933e8
----
hc_hc = 98.93000000000033
ci_hc = 1.2046598256440833e7
ctpv_hc = 2.751455497297306e8
----
hc_hc = 97.93000049982773
ci_hc = 1.2046598256440833e7
ctpv_hc = 2.7512454132636935e8
----
hc_hc = 96.93000049981416
ci_hc = 1.1518977688684713e7
ctpv_hc = 2.745793255207569e8
----
hc_hc = 95.93000099317437
ci_hc = 1.1520965063454838e7
ctpv_hc = 2.745582840406089e8
----
hc_hc = 94.93000012792602
ci_hc = 1.1016357198188286e7
ctpv_hc = 2.740356854496393e8
----
hc_hc = 93.93000004751332
ci_hc = 1.1016357198188286e7
ctpv_hc = 2.740146770462762e8
----
hc_hc = 92.93000053907531
ci_hc = 1.0490724005202293e7
ctpv_hc = 2.7346942816387993e8
----
hc_hc = 91.93000001333364
ci_hc = 1.0490724005202293e7
ctpv_hc = 2.7344841966486514e8
----
hc_hc = 90.93000000000096
ci_hc = 9.986116139935741e6
ctpv_hc = 2.7293627888467747e8
----
hc_hc = 89.93000000000099
ci_hc = 9.986116139935741e6
ctpv_hc = 2.7291527048131615e8
----
hc_hc = 88.93000062193903
ci_hc = 9.460482946949748e6
ctpv_hc = 2.723707618889161e8
----
hc_hc = 87.93000000000063
ci_hc = 9.460482946949748e6
ctpv_hc = 2.723497534855547e8
----
hc_hc = 86.93000000000087
ci_hc = 9.460482946949748e6
ctpv_hc = 2.72329585418327e8
----
hc_hc = 85.93000000000103
ci_hc = 9.460482946949748e6
ctpv_hc = 2.723085770149665e8
----
hc_hc = 84.93000000000032
ci_hc = 9.460482946949748e6
ctpv_hc = 2.7229752929401875e8
----
hc_hc = 82.93000000000066
ci_hc = 9.189143948341373e6
ctpv_hc = 2.720975796157218e8
----
hc_hc = 81.93000000000026
ci_hc = 9.189143948341373e6
ctpv_hc = 2.7207657121236044e8
----
hc_hc = 80.93000000000097
ci_hc = 9.189143948341373e6
ctpv_hc = 2.7205640314513355e8
----
hc_hc = 79.93000000000038
ci_hc = 9.189143948341373e6
ctpv_hc = 2.7203539474177223e8
----
hc_hc = 78.93000000000032
ci_hc = 9.189143948341373e6
ctpv_hc = 2.7202434678276765e8
----
hc_hc = 76.93000000000079
ci_hc = 8.917804949732997e6
ctpv_hc = 2.7182477428346866e8
----
hc_hc = 75.93000000000066
ci_hc = 8.610075054710314e6
ctpv_hc = 2.715565318710418e8
----
hc_hc = 74.93000000000153
ci_hc = 8.610075054710314e6
ctpv_hc = 2.7153552346767986e8
----
hc_hc = 73.93000000000042
ci_hc = 8.084441861724322e6
ctpv_hc = 2.7099101537484306e8
----
hc_hc = 72.93000000000157
ci_hc = 8.084441861724322e6
ctpv_hc = 2.7097000697148174e8
----
hc_hc = 71.93000000000103
ci_hc = 8.084441861724322e6
ctpv_hc = 2.7094983890425485e8
----
hc_hc = 70.93000000000019
ci_hc = 8.084441861724322e6
ctpv_hc = 2.709288305008935e8
----
hc_hc = 69.92999999999978
ci_hc = 8.084441861724322e6
ctpv_hc = 2.709177832036253e8
----
hc_hc = 67.9300000000002
ci_hc = 7.811115488345821e6
ctpv_hc = 2.707182431193767e8
----
hc_hc = 66.93000000000052
ci_hc = 7.813102863115947e6
ctpv_hc = 2.706972016392286e8
----
hc_hc = 65.93000000000073
ci_hc = 7.813102863115947e6
ctpv_hc = 2.706770335720017e8
----
hc_hc = 64.93000000000028
ci_hc = 7.813102863115947e6
ctpv_hc = 2.706560251686404e8
----
hc_hc = 63.930000000000206
ci_hc = 7.813102863115947e6
ctpv_hc = 2.7064502280417645e8
----
hc_hc = 60.930000000000355
ci_hc = 7.234033969484889e6
ctpv_hc = 2.7018114408140343e8
----
hc_hc = 59.930000000001556
ci_hc = 7.234033969484889e6
ctpv_hc = 2.7016013567804146e8
----
hc_hc = 58.9300000000005
ci_hc = 6.708400776498896e6
ctpv_hc = 2.696152148566576e8
----
hc_hc = 57.930000000001264
ci_hc = 6.708400776498896e6
ctpv_hc = 2.6959420645329595e8
----
hc_hc = 56.93000000000026
ci_hc = 6.708400776498896e6
ctpv_hc = 2.69574038386069e8
----
hc_hc = 55.93000000000013
ci_hc = 6.708400776498896e6
ctpv_hc = 2.695530299827077e8
----
hc_hc = 54.93000000000024
ci_hc = 6.708400776498896e6
ctpv_hc = 2.6954205343361187e8